<?xml version="1.0" encoding="UTF-8"?>
<!-- Generated by org.testng.reporters.JUnitXMLReporter -->
<testsuite ignored="0" hostname="LAPTOP-8J3R7791" failures="0" tests="4" name="Default test" time="50.754" errors="0" timestamp="2023-01-09T15:15:50 IST">
  <testcase classname="com.qa.raybiztech.tests.ContactPageTest" name="contactRegisterReset" time="9.285"/>
  <testcase classname="com.qa.raybiztech.tests.ContactPageTest" name="contactRegisterReset" time="7.465"/>
  <testcase classname="com.qa.raybiztech.tests.ContactPageTest" name="contactRegisterReset" time="7.36"/>
  <testcase classname="com.qa.raybiztech.tests.ContactPageTest" name="contactRegisterReset" time="7.448"/>
</testsuite> <!-- Default test -->
