<?xml version="1.0" encoding="UTF-8"?>
<!-- Generated by org.testng.reporters.JUnitXMLReporter -->
<testsuite ignored="0" hostname="LAPTOP-8J3R7791" failures="0" tests="2" name="ArtificialIntelligence validation" time="16.729" errors="0" timestamp="2023-01-09T15:19:56 IST">
  <testcase classname="com.qa.raybiztech.tests.ArtificialIntelligencePageTest" name="ArtificialIntelligencePageTitleValidation" time="0.019"/>
  <testcase classname="com.qa.raybiztech.tests.ArtificialIntelligencePageTest" name="artificialIntelligenceHeader" time="1.012"/>
</testsuite> <!-- ArtificialIntelligence validation -->
