<?xml version="1.0" encoding="UTF-8"?>
<!-- Generated by org.testng.reporters.JUnitXMLReporter -->
<testsuite ignored="0" hostname="LAPTOP-8J3R7791" failures="0" tests="4" name="Contact validation" time="47.967" errors="0" timestamp="2023-01-09T15:20:27 IST">
  <testcase classname="com.qa.raybiztech.tests.ContactPageTest" name="contactRegisterReset" time="8.389"/>
  <testcase classname="com.qa.raybiztech.tests.ContactPageTest" name="contactRegisterReset" time="7.47"/>
  <testcase classname="com.qa.raybiztech.tests.ContactPageTest" name="contactRegisterReset" time="7.429"/>
  <testcase classname="com.qa.raybiztech.tests.ContactPageTest" name="contactRegisterReset" time="7.429"/>
</testsuite> <!-- Contact validation -->
